18-03-2009 09:49:05,Can not open serial port : COM1
18-03-2009 09:49:05,Porten 'COM1' findes ikke.
18-03-2009 09:50:11,Can not open serial port : COM1
18-03-2009 09:50:11,Porten 'COM1' findes ikke.
26-03-2011 10:25:55,Can not open serial port : COM1
26-03-2011 10:25:55,Porten 'COM1' findes ikke.
20-09-2011 10:58:45,Can not open serial port : COM1
20-09-2011 10:58:45,Porten 'COM1' findes ikke.
05-05-2012 21:56:12,Can not open serial port : COM1
05-05-2012 21:56:12,Porten 'COM1' findes ikke.
05-05-2012 21:57:41,Can not open serial port : COM1
05-05-2012 21:57:41,Porten 'COM1' findes ikke.
11-07-2012 09:48:30,Can not open serial port : COM1
11-07-2012 09:48:30,Porten 'COM1' findes ikke.
2/12/2015 4:04:46 PM,Serial port : COM1 opened at 9600 baud
2/12/2015 4:09:42 PM,Serial port : COM1 opened at 9600 baud
2/12/2015 4:11:36 PM,Serial port : COM1 opened at 9600 baud
2/12/2015 4:50:29 PM,Serial port : COM1 opened at 9600 baud
2/12/2015 4:50:51 PM,Can not open serial port : COM4
2/12/2015 4:50:51 PM,Access to the port 'COM4' is denied.
2/12/2015 4:51:00 PM,Serial port : COM4 opened at 9600 baud
2/12/2015 4:51:40 PM,Serial port : COM4 opened at 115200 baud
2/12/2015 4:54:11 PM,Can not open serial port : COM4
2/12/2015 4:54:11 PM,Access to the port 'COM4' is denied.
2/12/2015 4:54:22 PM,Can not open serial port : COM4
2/12/2015 4:54:22 PM,Access to the port 'COM4' is denied.
